{"/home/idhamwtf/Desktop/final-project-p3/server/app.js": {"path":"/home/idhamwtf/Desktop/final-project-p3/server/app.js","statementMap":{"0":{"start":{"line":1,"column":0},"end":{"line":1,"column":27}},"1":{"start":{"line":2,"column":16},"end":{"line":2,"column":34}},"2":{"start":{"line":3,"column":12},"end":{"line":3,"column":21}},"3":{"start":{"line":5,"column":13},"end":{"line":5,"column":37}},"4":{"start":{"line":6,"column":13},"end":{"line":6,"column":28}},"5":{"start":{"line":7,"column":15},"end":{"line":7,"column":34}},"6":{"start":{"line":9,"column":0},"end":{"line":9,"column":15}},"7":{"start":{"line":10,"column":0},"end":{"line":10,"column":24}},"8":{"start":{"line":11,"column":0},"end":{"line":11,"column":48}},"9":{"start":{"line":13,"column":0},"end":{"line":15,"column":3}},"10":{"start":{"line":14,"column":2},"end":{"line":14,"column":19}},"11":{"start":{"line":17,"column":0},"end":{"line":17,"column":15}},"12":{"start":{"line":23,"column":0},"end":{"line":23,"column":20}}},"fnMap":{"0":{"name":"(anonymous_0)","decl":{"start":{"line":13,"column":13},"end":{"line":13,"column":14}},"loc":{"start":{"line":13,"column":27},"end":{"line":15,"column":1}},"line":13}},"branchMap":{"0":{"loc":{"start":{"line":5,"column":13},"end":{"line":5,"column":37}},"type":"binary-expr","locations":[{"start":{"line":5,"column":13},"end":{"line":5,"column":29}},{"start":{"line":5,"column":33},"end":{"line":5,"column":37}}],"line":5}},"s":{"0":4,"1":4,"2":4,"3":4,"4":4,"5":4,"6":4,"7":4,"8":4,"9":4,"10":0,"11":4,"12":4},"f":{"0":0},"b":{"0":[4,0]},"_coverageSchema":"1a1c01bbd47fc00a2c39e90264f33305004495a9","hash":"d1ef55c1b42ca09cb434b38a4b59fbb4f69a0ad5"}
,"/home/idhamwtf/Desktop/final-project-p3/server/controllers/CartControllers.js": {"path":"/home/idhamwtf/Desktop/final-project-p3/server/controllers/CartControllers.js","statementMap":{"0":{"start":{"line":1,"column":15},"end":{"line":1,"column":35}},"1":{"start":{"line":7,"column":19},"end":{"line":12,"column":2}},"2":{"start":{"line":16,"column":6},"end":{"line":26,"column":8}},"3":{"start":{"line":22,"column":9},"end":{"line":22,"column":26}},"4":{"start":{"line":23,"column":9},"end":{"line":25,"column":11}},"5":{"start":{"line":30,"column":24},"end":{"line":30,"column":32}},"6":{"start":{"line":31,"column":6},"end":{"line":31,"column":32}},"7":{"start":{"line":33,"column":27},"end":{"line":36,"column":8}},"8":{"start":{"line":34,"column":9},"end":{"line":34,"column":38}},"9":{"start":{"line":35,"column":9},"end":{"line":35,"column":20}},"10":{"start":{"line":38,"column":6},"end":{"line":38,"column":56}},"11":{"start":{"line":40,"column":6},"end":{"line":50,"column":7}},"12":{"start":{"line":41,"column":9},"end":{"line":46,"column":11}},"13":{"start":{"line":43,"column":12},"end":{"line":43,"column":48}},"14":{"start":{"line":45,"column":12},"end":{"line":45,"column":37}},"15":{"start":{"line":48,"column":9},"end":{"line":48,"column":40}},"16":{"start":{"line":49,"column":9},"end":{"line":49,"column":36}},"17":{"start":{"line":54,"column":6},"end":{"line":73,"column":8}},"18":{"start":{"line":60,"column":9},"end":{"line":60,"column":44}},"19":{"start":{"line":61,"column":9},"end":{"line":70,"column":10}},"20":{"start":{"line":62,"column":12},"end":{"line":64,"column":14}},"21":{"start":{"line":66,"column":12},"end":{"line":69,"column":14}},"22":{"start":{"line":72,"column":9},"end":{"line":72,"column":34}},"23":{"start":{"line":77,"column":6},"end":{"line":87,"column":9}},"24":{"start":{"line":84,"column":9},"end":{"line":84,"column":37}},"25":{"start":{"line":86,"column":9},"end":{"line":86,"column":34}},"26":{"start":{"line":91,"column":21},"end":{"line":91,"column":31}},"27":{"start":{"line":92,"column":6},"end":{"line":102,"column":9}},"28":{"start":{"line":97,"column":9},"end":{"line":99,"column":11}},"29":{"start":{"line":101,"column":9},"end":{"line":101,"column":34}},"30":{"start":{"line":106,"column":29},"end":{"line":106,"column":37}},"31":{"start":{"line":107,"column":26},"end":{"line":110,"column":8}},"32":{"start":{"line":108,"column":26},"end":{"line":108,"column":63}},"33":{"start":{"line":109,"column":9},"end":{"line":109,"column":24}},"34":{"start":{"line":112,"column":6},"end":{"line":115,"column":8}},"35":{"start":{"line":120,"column":0},"end":{"line":122,"column":1}}},"fnMap":{"0":{"name":"(anonymous_0)","decl":{"start":{"line":15,"column":3},"end":{"line":15,"column":4}},"loc":{"start":{"line":15,"column":33},"end":{"line":27,"column":4}},"line":15},"1":{"name":"(anonymous_1)","decl":{"start":{"line":21,"column":14},"end":{"line":21,"column":15}},"loc":{"start":{"line":21,"column":22},"end":{"line":26,"column":7}},"line":21},"2":{"name":"(anonymous_2)","decl":{"start":{"line":29,"column":3},"end":{"line":29,"column":4}},"loc":{"start":{"line":29,"column":35},"end":{"line":51,"column":4}},"line":29},"3":{"name":"(anonymous_3)","decl":{"start":{"line":33,"column":37},"end":{"line":33,"column":38}},"loc":{"start":{"line":33,"column":45},"end":{"line":36,"column":7}},"line":33},"4":{"name":"(anonymous_4)","decl":{"start":{"line":42,"column":15},"end":{"line":42,"column":16}},"loc":{"start":{"line":42,"column":25},"end":{"line":44,"column":10}},"line":42},"5":{"name":"(anonymous_5)","decl":{"start":{"line":44,"column":18},"end":{"line":44,"column":19}},"loc":{"start":{"line":44,"column":25},"end":{"line":46,"column":10}},"line":44},"6":{"name":"(anonymous_6)","decl":{"start":{"line":53,"column":3},"end":{"line":53,"column":4}},"loc":{"start":{"line":53,"column":36},"end":{"line":74,"column":4}},"line":53},"7":{"name":"(anonymous_7)","decl":{"start":{"line":59,"column":14},"end":{"line":59,"column":15}},"loc":{"start":{"line":59,"column":24},"end":{"line":71,"column":7}},"line":59},"8":{"name":"(anonymous_8)","decl":{"start":{"line":71,"column":15},"end":{"line":71,"column":16}},"loc":{"start":{"line":71,"column":22},"end":{"line":73,"column":7}},"line":71},"9":{"name":"(anonymous_9)","decl":{"start":{"line":76,"column":3},"end":{"line":76,"column":4}},"loc":{"start":{"line":76,"column":38},"end":{"line":88,"column":4}},"line":76},"10":{"name":"(anonymous_10)","decl":{"start":{"line":82,"column":14},"end":{"line":82,"column":15}},"loc":{"start":{"line":82,"column":26},"end":{"line":85,"column":7}},"line":82},"11":{"name":"(anonymous_11)","decl":{"start":{"line":85,"column":15},"end":{"line":85,"column":16}},"loc":{"start":{"line":85,"column":24},"end":{"line":87,"column":7}},"line":85},"12":{"name":"(anonymous_12)","decl":{"start":{"line":90,"column":3},"end":{"line":90,"column":4}},"loc":{"start":{"line":90,"column":38},"end":{"line":103,"column":4}},"line":90},"13":{"name":"(anonymous_13)","decl":{"start":{"line":96,"column":14},"end":{"line":96,"column":15}},"loc":{"start":{"line":96,"column":26},"end":{"line":100,"column":7}},"line":96},"14":{"name":"(anonymous_14)","decl":{"start":{"line":100,"column":15},"end":{"line":100,"column":16}},"loc":{"start":{"line":100,"column":24},"end":{"line":102,"column":7}},"line":100},"15":{"name":"(anonymous_15)","decl":{"start":{"line":105,"column":3},"end":{"line":105,"column":4}},"loc":{"start":{"line":105,"column":48},"end":{"line":116,"column":4}},"line":105},"16":{"name":"(anonymous_16)","decl":{"start":{"line":107,"column":42},"end":{"line":107,"column":43}},"loc":{"start":{"line":107,"column":54},"end":{"line":110,"column":7}},"line":107}},"branchMap":{"0":{"loc":{"start":{"line":61,"column":9},"end":{"line":70,"column":10}},"type":"if","locations":[{"start":{"line":61,"column":9},"end":{"line":70,"column":10}},{"start":{"line":61,"column":9},"end":{"line":70,"column":10}}],"line":61}},"s":{"0":4,"1":4,"2":1,"3":1,"4":1,"5":1,"6":1,"7":1,"8":1,"9":1,"10":1,"11":1,"12":1,"13":1,"14":0,"15":0,"16":0,"17":3,"18":3,"19":3,"20":2,"21":1,"22":0,"23":0,"24":0,"25":0,"26":0,"27":0,"28":0,"29":0,"30":0,"31":0,"32":0,"33":0,"34":0,"35":4},"f":{"0":1,"1":1,"2":1,"3":1,"4":1,"5":0,"6":3,"7":3,"8":0,"9":0,"10":0,"11":0,"12":0,"13":0,"14":0,"15":0,"16":0},"b":{"0":[2,1]},"_coverageSchema":"1a1c01bbd47fc00a2c39e90264f33305004495a9","hash":"fd3aaed17a81fddd53d8192f1e8f0ee2873abcba"}
,"/home/idhamwtf/Desktop/final-project-p3/server/controllers/ProductControllers.js": {"path":"/home/idhamwtf/Desktop/final-project-p3/server/controllers/ProductControllers.js","statementMap":{"0":{"start":{"line":1,"column":20},"end":{"line":1,"column":40}},"1":{"start":{"line":6,"column":25},"end":{"line":6,"column":37}},"2":{"start":{"line":7,"column":8},"end":{"line":39,"column":9}},"3":{"start":{"line":8,"column":12},"end":{"line":16,"column":18}},"4":{"start":{"line":12,"column":20},"end":{"line":12,"column":55}},"5":{"start":{"line":15,"column":20},"end":{"line":15,"column":54}},"6":{"start":{"line":17,"column":14},"end":{"line":39,"column":9}},"7":{"start":{"line":18,"column":12},"end":{"line":27,"column":18}},"8":{"start":{"line":23,"column":20},"end":{"line":23,"column":55}},"9":{"start":{"line":26,"column":20},"end":{"line":26,"column":54}},"10":{"start":{"line":29,"column":12},"end":{"line":38,"column":18}},"11":{"start":{"line":34,"column":20},"end":{"line":34,"column":55}},"12":{"start":{"line":37,"column":20},"end":{"line":37,"column":54}},"13":{"start":{"line":44,"column":66},"end":{"line":44,"column":74}},"14":{"start":{"line":45,"column":25},"end":{"line":45,"column":37}},"15":{"start":{"line":46,"column":19},"end":{"line":46,"column":33}},"16":{"start":{"line":47,"column":27},"end":{"line":53,"column":9}},"17":{"start":{"line":55,"column":8},"end":{"line":65,"column":9}},"18":{"start":{"line":56,"column":12},"end":{"line":62,"column":18}},"19":{"start":{"line":58,"column":20},"end":{"line":58,"column":48}},"20":{"start":{"line":61,"column":20},"end":{"line":61,"column":47}},"21":{"start":{"line":64,"column":12},"end":{"line":64,"column":110}},"22":{"start":{"line":69,"column":57},"end":{"line":69,"column":65}},"23":{"start":{"line":70,"column":19},"end":{"line":70,"column":32}},"24":{"start":{"line":71,"column":25},"end":{"line":71,"column":37}},"25":{"start":{"line":73,"column":30},"end":{"line":78,"column":9}},"26":{"start":{"line":80,"column":25},"end":{"line":80,"column":60}},"27":{"start":{"line":82,"column":8},"end":{"line":82,"column":77}},"28":{"start":{"line":82,"column":22},"end":{"line":82,"column":77}},"29":{"start":{"line":84,"column":8},"end":{"line":86,"column":9}},"30":{"start":{"line":85,"column":12},"end":{"line":85,"column":83}},"31":{"start":{"line":88,"column":8},"end":{"line":99,"column":9}},"32":{"start":{"line":89,"column":12},"end":{"line":95,"column":18}},"33":{"start":{"line":91,"column":20},"end":{"line":91,"column":95}},"34":{"start":{"line":94,"column":20},"end":{"line":94,"column":47}},"35":{"start":{"line":98,"column":12},"end":{"line":98,"column":111}},"36":{"start":{"line":103,"column":19},"end":{"line":103,"column":32}},"37":{"start":{"line":104,"column":25},"end":{"line":104,"column":37}},"38":{"start":{"line":105,"column":8},"end":{"line":114,"column":9}},"39":{"start":{"line":106,"column":12},"end":{"line":111,"column":13}},"40":{"start":{"line":107,"column":39},"end":{"line":107,"column":74}},"41":{"start":{"line":108,"column":16},"end":{"line":108,"column":95}},"42":{"start":{"line":110,"column":16},"end":{"line":110,"column":117}},"43":{"start":{"line":113,"column":12},"end":{"line":113,"column":41}},"44":{"start":{"line":120,"column":0},"end":{"line":122,"column":1}}},"fnMap":{"0":{"name":"(anonymous_0)","decl":{"start":{"line":5,"column":4},"end":{"line":5,"column":5}},"loc":{"start":{"line":5,"column":42},"end":{"line":40,"column":5}},"line":5},"1":{"name":"(anonymous_1)","decl":{"start":{"line":11,"column":22},"end":{"line":11,"column":23}},"loc":{"start":{"line":11,"column":30},"end":{"line":13,"column":17}},"line":11},"2":{"name":"(anonymous_2)","decl":{"start":{"line":14,"column":23},"end":{"line":14,"column":24}},"loc":{"start":{"line":14,"column":28},"end":{"line":16,"column":17}},"line":14},"3":{"name":"(anonymous_3)","decl":{"start":{"line":22,"column":22},"end":{"line":22,"column":23}},"loc":{"start":{"line":22,"column":30},"end":{"line":24,"column":17}},"line":22},"4":{"name":"(anonymous_4)","decl":{"start":{"line":25,"column":23},"end":{"line":25,"column":24}},"loc":{"start":{"line":25,"column":28},"end":{"line":27,"column":17}},"line":25},"5":{"name":"(anonymous_5)","decl":{"start":{"line":33,"column":22},"end":{"line":33,"column":23}},"loc":{"start":{"line":33,"column":30},"end":{"line":35,"column":17}},"line":33},"6":{"name":"(anonymous_6)","decl":{"start":{"line":36,"column":23},"end":{"line":36,"column":24}},"loc":{"start":{"line":36,"column":28},"end":{"line":38,"column":17}},"line":36},"7":{"name":"(anonymous_7)","decl":{"start":{"line":43,"column":4},"end":{"line":43,"column":5}},"loc":{"start":{"line":43,"column":42},"end":{"line":66,"column":5}},"line":43},"8":{"name":"(anonymous_8)","decl":{"start":{"line":57,"column":22},"end":{"line":57,"column":23}},"loc":{"start":{"line":57,"column":30},"end":{"line":59,"column":17}},"line":57},"9":{"name":"(anonymous_9)","decl":{"start":{"line":60,"column":23},"end":{"line":60,"column":24}},"loc":{"start":{"line":60,"column":28},"end":{"line":62,"column":17}},"line":60},"10":{"name":"(anonymous_10)","decl":{"start":{"line":68,"column":4},"end":{"line":68,"column":5}},"loc":{"start":{"line":68,"column":49},"end":{"line":100,"column":5}},"line":68},"11":{"name":"(anonymous_11)","decl":{"start":{"line":90,"column":22},"end":{"line":90,"column":23}},"loc":{"start":{"line":90,"column":30},"end":{"line":92,"column":17}},"line":90},"12":{"name":"(anonymous_12)","decl":{"start":{"line":93,"column":23},"end":{"line":93,"column":24}},"loc":{"start":{"line":93,"column":28},"end":{"line":95,"column":17}},"line":93},"13":{"name":"(anonymous_13)","decl":{"start":{"line":102,"column":4},"end":{"line":102,"column":5}},"loc":{"start":{"line":102,"column":51},"end":{"line":116,"column":5}},"line":102}},"branchMap":{"0":{"loc":{"start":{"line":7,"column":8},"end":{"line":39,"column":9}},"type":"if","locations":[{"start":{"line":7,"column":8},"end":{"line":39,"column":9}},{"start":{"line":7,"column":8},"end":{"line":39,"column":9}}],"line":7},"1":{"loc":{"start":{"line":17,"column":14},"end":{"line":39,"column":9}},"type":"if","locations":[{"start":{"line":17,"column":14},"end":{"line":39,"column":9}},{"start":{"line":17,"column":14},"end":{"line":39,"column":9}}],"line":17},"2":{"loc":{"start":{"line":55,"column":8},"end":{"line":65,"column":9}},"type":"if","locations":[{"start":{"line":55,"column":8},"end":{"line":65,"column":9}},{"start":{"line":55,"column":8},"end":{"line":65,"column":9}}],"line":55},"3":{"loc":{"start":{"line":82,"column":8},"end":{"line":82,"column":77}},"type":"if","locations":[{"start":{"line":82,"column":8},"end":{"line":82,"column":77}},{"start":{"line":82,"column":8},"end":{"line":82,"column":77}}],"line":82},"4":{"loc":{"start":{"line":84,"column":8},"end":{"line":86,"column":9}},"type":"if","locations":[{"start":{"line":84,"column":8},"end":{"line":86,"column":9}},{"start":{"line":84,"column":8},"end":{"line":86,"column":9}}],"line":84},"5":{"loc":{"start":{"line":84,"column":11},"end":{"line":84,"column":33}},"type":"binary-expr","locations":[{"start":{"line":84,"column":11},"end":{"line":84,"column":20}},{"start":{"line":84,"column":24},"end":{"line":84,"column":33}}],"line":84},"6":{"loc":{"start":{"line":88,"column":8},"end":{"line":99,"column":9}},"type":"if","locations":[{"start":{"line":88,"column":8},"end":{"line":99,"column":9}},{"start":{"line":88,"column":8},"end":{"line":99,"column":9}}],"line":88},"7":{"loc":{"start":{"line":106,"column":12},"end":{"line":111,"column":13}},"type":"if","locations":[{"start":{"line":106,"column":12},"end":{"line":111,"column":13}},{"start":{"line":106,"column":12},"end":{"line":111,"column":13}}],"line":106}},"s":{"0":4,"1":3,"2":3,"3":1,"4":1,"5":0,"6":2,"7":1,"8":1,"9":0,"10":1,"11":1,"12":0,"13":2,"14":2,"15":2,"16":2,"17":2,"18":1,"19":1,"20":0,"21":1,"22":4,"23":4,"24":4,"25":4,"26":4,"27":4,"28":1,"29":3,"30":1,"31":2,"32":1,"33":1,"34":0,"35":1,"36":2,"37":2,"38":2,"39":2,"40":1,"41":1,"42":1,"43":0,"44":4},"f":{"0":3,"1":1,"2":0,"3":1,"4":0,"5":1,"6":0,"7":2,"8":1,"9":0,"10":4,"11":1,"12":0,"13":2},"b":{"0":[1,2],"1":[1,1],"2":[1,1],"3":[1,3],"4":[1,2],"5":[3,3],"6":[1,1],"7":[1,1]},"_coverageSchema":"1a1c01bbd47fc00a2c39e90264f33305004495a9","hash":"2d77952241628c566acfae6844d0a6fe44b8e3e4"}
,"/home/idhamwtf/Desktop/final-project-p3/server/controllers/StoreControllers.js": {"path":"/home/idhamwtf/Desktop/final-project-p3/server/controllers/StoreControllers.js","statementMap":{"0":{"start":{"line":1,"column":18},"end":{"line":1,"column":38}},"1":{"start":{"line":5,"column":8},"end":{"line":13,"column":9}},"2":{"start":{"line":6,"column":29},"end":{"line":8,"column":14}},"3":{"start":{"line":9,"column":12},"end":{"line":9,"column":49}},"4":{"start":{"line":12,"column":12},"end":{"line":12,"column":48}},"5":{"start":{"line":17,"column":25},"end":{"line":17,"column":37}},"6":{"start":{"line":18,"column":46},"end":{"line":18,"column":54}},"7":{"start":{"line":19,"column":25},"end":{"line":21,"column":9}},"8":{"start":{"line":23,"column":8},"end":{"line":33,"column":9}},"9":{"start":{"line":24,"column":12},"end":{"line":30,"column":13}},"10":{"start":{"line":25,"column":36},"end":{"line":25,"column":64}},"11":{"start":{"line":26,"column":16},"end":{"line":26,"column":56}},"12":{"start":{"line":28,"column":16},"end":{"line":28,"column":84}},"13":{"start":{"line":32,"column":12},"end":{"line":32,"column":48}},"14":{"start":{"line":37,"column":19},"end":{"line":37,"column":33}},"15":{"start":{"line":38,"column":25},"end":{"line":38,"column":37}},"16":{"start":{"line":39,"column":46},"end":{"line":39,"column":54}},"17":{"start":{"line":40,"column":28},"end":{"line":42,"column":9}},"18":{"start":{"line":44,"column":8},"end":{"line":54,"column":9}},"19":{"start":{"line":45,"column":12},"end":{"line":51,"column":13}},"20":{"start":{"line":46,"column":36},"end":{"line":46,"column":80}},"21":{"start":{"line":47,"column":16},"end":{"line":47,"column":81}},"22":{"start":{"line":49,"column":16},"end":{"line":49,"column":85}},"23":{"start":{"line":53,"column":12},"end":{"line":53,"column":48}},"24":{"start":{"line":59,"column":19},"end":{"line":59,"column":32}},"25":{"start":{"line":60,"column":25},"end":{"line":60,"column":37}},"26":{"start":{"line":61,"column":8},"end":{"line":70,"column":9}},"27":{"start":{"line":62,"column":12},"end":{"line":67,"column":13}},"28":{"start":{"line":63,"column":37},"end":{"line":63,"column":70}},"29":{"start":{"line":64,"column":16},"end":{"line":64,"column":91}},"30":{"start":{"line":66,"column":16},"end":{"line":66,"column":87}},"31":{"start":{"line":69,"column":12},"end":{"line":69,"column":48}},"32":{"start":{"line":75,"column":0},"end":{"line":77,"column":1}}},"fnMap":{"0":{"name":"(anonymous_0)","decl":{"start":{"line":4,"column":4},"end":{"line":4,"column":5}},"loc":{"start":{"line":4,"column":46},"end":{"line":14,"column":5}},"line":4},"1":{"name":"(anonymous_1)","decl":{"start":{"line":16,"column":4},"end":{"line":16,"column":5}},"loc":{"start":{"line":16,"column":46},"end":{"line":34,"column":5}},"line":16},"2":{"name":"(anonymous_2)","decl":{"start":{"line":36,"column":4},"end":{"line":36,"column":5}},"loc":{"start":{"line":36,"column":47},"end":{"line":56,"column":5}},"line":36},"3":{"name":"(anonymous_3)","decl":{"start":{"line":58,"column":4},"end":{"line":58,"column":5}},"loc":{"start":{"line":58,"column":49},"end":{"line":71,"column":5}},"line":58}},"branchMap":{"0":{"loc":{"start":{"line":24,"column":12},"end":{"line":30,"column":13}},"type":"if","locations":[{"start":{"line":24,"column":12},"end":{"line":30,"column":13}},{"start":{"line":24,"column":12},"end":{"line":30,"column":13}}],"line":24},"1":{"loc":{"start":{"line":45,"column":12},"end":{"line":51,"column":13}},"type":"if","locations":[{"start":{"line":45,"column":12},"end":{"line":51,"column":13}},{"start":{"line":45,"column":12},"end":{"line":51,"column":13}}],"line":45},"2":{"loc":{"start":{"line":62,"column":12},"end":{"line":67,"column":13}},"type":"if","locations":[{"start":{"line":62,"column":12},"end":{"line":67,"column":13}},{"start":{"line":62,"column":12},"end":{"line":67,"column":13}}],"line":62}},"s":{"0":4,"1":1,"2":1,"3":1,"4":0,"5":2,"6":2,"7":2,"8":2,"9":2,"10":1,"11":1,"12":1,"13":0,"14":2,"15":2,"16":2,"17":2,"18":2,"19":2,"20":1,"21":1,"22":1,"23":0,"24":2,"25":2,"26":2,"27":2,"28":1,"29":1,"30":1,"31":0,"32":4},"f":{"0":1,"1":2,"2":2,"3":2},"b":{"0":[1,1],"1":[1,1],"2":[1,1]},"_coverageSchema":"1a1c01bbd47fc00a2c39e90264f33305004495a9","hash":"b24d4a58a77c576b00a797e28ded27886322b3b2"}
,"/home/idhamwtf/Desktop/final-project-p3/server/controllers/UserControllers.js": {"path":"/home/idhamwtf/Desktop/final-project-p3/server/controllers/UserControllers.js","statementMap":{"0":{"start":{"line":1,"column":17},"end":{"line":1,"column":37}},"1":{"start":{"line":2,"column":28},"end":{"line":2,"column":56}},"2":{"start":{"line":3,"column":22},"end":{"line":3,"column":47}},"3":{"start":{"line":7,"column":39},"end":{"line":7,"column":47}},"4":{"start":{"line":8,"column":8},"end":{"line":27,"column":9}},"5":{"start":{"line":9,"column":12},"end":{"line":9,"column":97}},"6":{"start":{"line":12,"column":12},"end":{"line":26,"column":14}},"7":{"start":{"line":14,"column":16},"end":{"line":22,"column":17}},"8":{"start":{"line":15,"column":20},"end":{"line":15,"column":90}},"9":{"start":{"line":17,"column":21},"end":{"line":22,"column":17}},"10":{"start":{"line":18,"column":20},"end":{"line":18,"column":86}},"11":{"start":{"line":20,"column":41},"end":{"line":20,"column":131}},"12":{"start":{"line":21,"column":20},"end":{"line":21,"column":56}},"13":{"start":{"line":25,"column":16},"end":{"line":25,"column":45}},"14":{"start":{"line":31,"column":33},"end":{"line":31,"column":41}},"15":{"start":{"line":32,"column":8},"end":{"line":45,"column":9}},"16":{"start":{"line":33,"column":34},"end":{"line":33,"column":76}},"17":{"start":{"line":34,"column":12},"end":{"line":41,"column":13}},"18":{"start":{"line":35,"column":37},"end":{"line":35,"column":87}},"19":{"start":{"line":36,"column":31},"end":{"line":36,"column":81}},"20":{"start":{"line":37,"column":17},"end":{"line":37,"column":54}},"21":{"start":{"line":39,"column":31},"end":{"line":39,"column":80}},"22":{"start":{"line":40,"column":16},"end":{"line":40,"column":53}},"23":{"start":{"line":43,"column":12},"end":{"line":43,"column":30}},"24":{"start":{"line":44,"column":12},"end":{"line":44,"column":49}},"25":{"start":{"line":50,"column":47},"end":{"line":50,"column":55}},"26":{"start":{"line":51,"column":28},"end":{"line":51,"column":40}},"27":{"start":{"line":52,"column":25},"end":{"line":57,"column":9}},"28":{"start":{"line":59,"column":8},"end":{"line":69,"column":9}},"29":{"start":{"line":60,"column":12},"end":{"line":66,"column":13}},"30":{"start":{"line":61,"column":36},"end":{"line":61,"column":63}},"31":{"start":{"line":62,"column":16},"end":{"line":62,"column":56}},"32":{"start":{"line":64,"column":16},"end":{"line":64,"column":84}},"33":{"start":{"line":68,"column":12},"end":{"line":68,"column":63}},"34":{"start":{"line":73,"column":47},"end":{"line":73,"column":55}},"35":{"start":{"line":74,"column":19},"end":{"line":74,"column":33}},"36":{"start":{"line":75,"column":28},"end":{"line":75,"column":40}},"37":{"start":{"line":76,"column":28},"end":{"line":80,"column":9}},"38":{"start":{"line":82,"column":8},"end":{"line":91,"column":9}},"39":{"start":{"line":83,"column":12},"end":{"line":88,"column":13}},"40":{"start":{"line":84,"column":36},"end":{"line":84,"column":80}},"41":{"start":{"line":85,"column":16},"end":{"line":85,"column":81}},"42":{"start":{"line":87,"column":16},"end":{"line":87,"column":85}},"43":{"start":{"line":90,"column":12},"end":{"line":90,"column":54}},"44":{"start":{"line":95,"column":19},"end":{"line":95,"column":33}},"45":{"start":{"line":96,"column":25},"end":{"line":96,"column":37}},"46":{"start":{"line":97,"column":8},"end":{"line":106,"column":9}},"47":{"start":{"line":98,"column":12},"end":{"line":103,"column":13}},"48":{"start":{"line":99,"column":37},"end":{"line":99,"column":69}},"49":{"start":{"line":100,"column":16},"end":{"line":100,"column":91}},"50":{"start":{"line":102,"column":16},"end":{"line":102,"column":87}},"51":{"start":{"line":105,"column":12},"end":{"line":105,"column":48}},"52":{"start":{"line":112,"column":0},"end":{"line":114,"column":1}}},"fnMap":{"0":{"name":"(anonymous_0)","decl":{"start":{"line":6,"column":4},"end":{"line":6,"column":5}},"loc":{"start":{"line":6,"column":42},"end":{"line":28,"column":5}},"line":6},"1":{"name":"(anonymous_1)","decl":{"start":{"line":13,"column":18},"end":{"line":13,"column":19}},"loc":{"start":{"line":13,"column":26},"end":{"line":23,"column":13}},"line":13},"2":{"name":"(anonymous_2)","decl":{"start":{"line":24,"column":19},"end":{"line":24,"column":20}},"loc":{"start":{"line":24,"column":26},"end":{"line":26,"column":13}},"line":24},"3":{"name":"(anonymous_3)","decl":{"start":{"line":30,"column":4},"end":{"line":30,"column":5}},"loc":{"start":{"line":30,"column":51},"end":{"line":46,"column":5}},"line":30},"4":{"name":"(anonymous_4)","decl":{"start":{"line":49,"column":4},"end":{"line":49,"column":5}},"loc":{"start":{"line":49,"column":46},"end":{"line":70,"column":5}},"line":49},"5":{"name":"(anonymous_5)","decl":{"start":{"line":72,"column":4},"end":{"line":72,"column":5}},"loc":{"start":{"line":72,"column":47},"end":{"line":92,"column":5}},"line":72},"6":{"name":"(anonymous_6)","decl":{"start":{"line":94,"column":4},"end":{"line":94,"column":5}},"loc":{"start":{"line":94,"column":49},"end":{"line":107,"column":5}},"line":94}},"branchMap":{"0":{"loc":{"start":{"line":8,"column":8},"end":{"line":27,"column":9}},"type":"if","locations":[{"start":{"line":8,"column":8},"end":{"line":27,"column":9}},{"start":{"line":8,"column":8},"end":{"line":27,"column":9}}],"line":8},"1":{"loc":{"start":{"line":8,"column":11},"end":{"line":8,"column":33}},"type":"binary-expr","locations":[{"start":{"line":8,"column":11},"end":{"line":8,"column":20}},{"start":{"line":8,"column":24},"end":{"line":8,"column":33}}],"line":8},"2":{"loc":{"start":{"line":14,"column":16},"end":{"line":22,"column":17}},"type":"if","locations":[{"start":{"line":14,"column":16},"end":{"line":22,"column":17}},{"start":{"line":14,"column":16},"end":{"line":22,"column":17}}],"line":14},"3":{"loc":{"start":{"line":17,"column":21},"end":{"line":22,"column":17}},"type":"if","locations":[{"start":{"line":17,"column":21},"end":{"line":22,"column":17}},{"start":{"line":17,"column":21},"end":{"line":22,"column":17}}],"line":17},"4":{"loc":{"start":{"line":34,"column":12},"end":{"line":41,"column":13}},"type":"if","locations":[{"start":{"line":34,"column":12},"end":{"line":41,"column":13}},{"start":{"line":34,"column":12},"end":{"line":41,"column":13}}],"line":34},"5":{"loc":{"start":{"line":60,"column":12},"end":{"line":66,"column":13}},"type":"if","locations":[{"start":{"line":60,"column":12},"end":{"line":66,"column":13}},{"start":{"line":60,"column":12},"end":{"line":66,"column":13}}],"line":60},"6":{"loc":{"start":{"line":83,"column":12},"end":{"line":88,"column":13}},"type":"if","locations":[{"start":{"line":83,"column":12},"end":{"line":88,"column":13}},{"start":{"line":83,"column":12},"end":{"line":88,"column":13}}],"line":83},"7":{"loc":{"start":{"line":98,"column":12},"end":{"line":103,"column":13}},"type":"if","locations":[{"start":{"line":98,"column":12},"end":{"line":103,"column":13}},{"start":{"line":98,"column":12},"end":{"line":103,"column":13}}],"line":98}},"s":{"0":4,"1":4,"2":4,"3":5,"4":5,"5":2,"6":3,"7":3,"8":1,"9":2,"10":1,"11":1,"12":1,"13":0,"14":2,"15":2,"16":2,"17":2,"18":1,"19":1,"20":1,"21":1,"22":1,"23":0,"24":0,"25":2,"26":2,"27":2,"28":2,"29":2,"30":1,"31":1,"32":1,"33":0,"34":2,"35":2,"36":2,"37":2,"38":2,"39":2,"40":1,"41":1,"42":1,"43":0,"44":2,"45":2,"46":2,"47":2,"48":1,"49":1,"50":1,"51":0,"52":4},"f":{"0":5,"1":3,"2":0,"3":2,"4":2,"5":2,"6":2},"b":{"0":[2,3],"1":[5,3],"2":[1,2],"3":[1,1],"4":[1,1],"5":[1,1],"6":[1,1],"7":[1,1]},"_coverageSchema":"1a1c01bbd47fc00a2c39e90264f33305004495a9","hash":"2f8ca85836157089780b93d6e201f2566e7f69ea"}
,"/home/idhamwtf/Desktop/final-project-p3/server/controllers/index.js": {"path":"/home/idhamwtf/Desktop/final-project-p3/server/controllers/index.js","statementMap":{"0":{"start":{"line":1,"column":28},"end":{"line":1,"column":56}},"1":{"start":{"line":2,"column":31},"end":{"line":2,"column":62}},"2":{"start":{"line":3,"column":28},"end":{"line":3,"column":56}},"3":{"start":{"line":4,"column":29},"end":{"line":4,"column":58}},"4":{"start":{"line":9,"column":0},"end":{"line":14,"column":1}}},"fnMap":{},"branchMap":{},"s":{"0":4,"1":4,"2":4,"3":4,"4":4},"f":{},"b":{},"_coverageSchema":"1a1c01bbd47fc00a2c39e90264f33305004495a9","hash":"f2f25e711c0867678cc69cffd5dea16083d148c8"}
,"/home/idhamwtf/Desktop/final-project-p3/server/helpers/bcrypt.js": {"path":"/home/idhamwtf/Desktop/final-project-p3/server/helpers/bcrypt.js","statementMap":{"0":{"start":{"line":1,"column":15},"end":{"line":1,"column":34}},"1":{"start":{"line":5,"column":19},"end":{"line":9,"column":1}},"2":{"start":{"line":6,"column":17},"end":{"line":6,"column":39}},"3":{"start":{"line":7,"column":17},"end":{"line":7,"column":48}},"4":{"start":{"line":8,"column":4},"end":{"line":8,"column":15}},"5":{"start":{"line":12,"column":22},"end":{"line":14,"column":1}},"6":{"start":{"line":13,"column":4},"end":{"line":13,"column":44}},"7":{"start":{"line":17,"column":0},"end":{"line":20,"column":1}}},"fnMap":{"0":{"name":"(anonymous_0)","decl":{"start":{"line":5,"column":19},"end":{"line":5,"column":20}},"loc":{"start":{"line":5,"column":31},"end":{"line":9,"column":1}},"line":5},"1":{"name":"(anonymous_1)","decl":{"start":{"line":12,"column":22},"end":{"line":12,"column":23}},"loc":{"start":{"line":12,"column":39},"end":{"line":14,"column":1}},"line":12}},"branchMap":{},"s":{"0":4,"1":4,"2":1,"3":1,"4":1,"5":4,"6":2,"7":4},"f":{"0":1,"1":2},"b":{},"_coverageSchema":"1a1c01bbd47fc00a2c39e90264f33305004495a9","hash":"44a093fa9c0cb0ba72314e78d2eebd355b17ba1c"}
,"/home/idhamwtf/Desktop/final-project-p3/server/helpers/jwt.js": {"path":"/home/idhamwtf/Desktop/final-project-p3/server/helpers/jwt.js","statementMap":{"0":{"start":{"line":1,"column":12},"end":{"line":1,"column":35}},"1":{"start":{"line":4,"column":16},"end":{"line":7,"column":1}},"2":{"start":{"line":5,"column":18},"end":{"line":5,"column":44}},"3":{"start":{"line":6,"column":4},"end":{"line":6,"column":16}},"4":{"start":{"line":9,"column":18},"end":{"line":12,"column":1}},"5":{"start":{"line":10,"column":19},"end":{"line":10,"column":45}},"6":{"start":{"line":11,"column":4},"end":{"line":11,"column":17}},"7":{"start":{"line":15,"column":0},"end":{"line":18,"column":1}}},"fnMap":{"0":{"name":"(anonymous_0)","decl":{"start":{"line":4,"column":16},"end":{"line":4,"column":17}},"loc":{"start":{"line":4,"column":27},"end":{"line":7,"column":1}},"line":4},"1":{"name":"(anonymous_1)","decl":{"start":{"line":9,"column":18},"end":{"line":9,"column":19}},"loc":{"start":{"line":9,"column":27},"end":{"line":12,"column":1}},"line":9}},"branchMap":{},"s":{"0":4,"1":4,"2":15,"3":15,"4":4,"5":32,"6":31,"7":4},"f":{"0":15,"1":32},"b":{},"_coverageSchema":"1a1c01bbd47fc00a2c39e90264f33305004495a9","hash":"e49d7cab2f9dc446bd936ea92168a8e853672f7b"}
,"/home/idhamwtf/Desktop/final-project-p3/server/middlewares/Authentication.js": {"path":"/home/idhamwtf/Desktop/final-project-p3/server/middlewares/Authentication.js","statementMap":{"0":{"start":{"line":1,"column":17},"end":{"line":1,"column":37}},"1":{"start":{"line":2,"column":24},"end":{"line":2,"column":49}},"2":{"start":{"line":4,"column":21},"end":{"line":42,"column":1}},"3":{"start":{"line":7,"column":4},"end":{"line":27,"column":5}},"4":{"start":{"line":8,"column":8},"end":{"line":8,"column":55}},"5":{"start":{"line":9,"column":10},"end":{"line":27,"column":5}},"6":{"start":{"line":11,"column":12},"end":{"line":11,"column":53}},"7":{"start":{"line":23,"column":8},"end":{"line":23,"column":30}},"8":{"start":{"line":24,"column":8},"end":{"line":24,"column":21}},"9":{"start":{"line":26,"column":8},"end":{"line":26,"column":54}},"10":{"start":{"line":29,"column":4},"end":{"line":41,"column":10}},"11":{"start":{"line":31,"column":12},"end":{"line":37,"column":13}},"12":{"start":{"line":32,"column":16},"end":{"line":32,"column":64}},"13":{"start":{"line":34,"column":16},"end":{"line":34,"column":38}},"14":{"start":{"line":35,"column":16},"end":{"line":35,"column":55}},"15":{"start":{"line":36,"column":16},"end":{"line":36,"column":22}},"16":{"start":{"line":40,"column":12},"end":{"line":40,"column":39}},"17":{"start":{"line":45,"column":0},"end":{"line":47,"column":1}}},"fnMap":{"0":{"name":"(anonymous_0)","decl":{"start":{"line":4,"column":21},"end":{"line":4,"column":22}},"loc":{"start":{"line":4,"column":37},"end":{"line":42,"column":1}},"line":4},"1":{"name":"(anonymous_1)","decl":{"start":{"line":30,"column":14},"end":{"line":30,"column":15}},"loc":{"start":{"line":30,"column":20},"end":{"line":38,"column":9}},"line":30},"2":{"name":"(anonymous_2)","decl":{"start":{"line":39,"column":15},"end":{"line":39,"column":16}},"loc":{"start":{"line":39,"column":20},"end":{"line":41,"column":9}},"line":39}},"branchMap":{"0":{"loc":{"start":{"line":7,"column":4},"end":{"line":27,"column":5}},"type":"if","locations":[{"start":{"line":7,"column":4},"end":{"line":27,"column":5}},{"start":{"line":7,"column":4},"end":{"line":27,"column":5}}],"line":7},"1":{"loc":{"start":{"line":9,"column":10},"end":{"line":27,"column":5}},"type":"if","locations":[{"start":{"line":9,"column":10},"end":{"line":27,"column":5}},{"start":{"line":9,"column":10},"end":{"line":27,"column":5}}],"line":9},"2":{"loc":{"start":{"line":31,"column":12},"end":{"line":37,"column":13}},"type":"if","locations":[{"start":{"line":31,"column":12},"end":{"line":37,"column":13}},{"start":{"line":31,"column":12},"end":{"line":37,"column":13}}],"line":31}},"s":{"0":4,"1":4,"2":4,"3":40,"4":28,"5":12,"6":4,"7":4,"8":4,"9":8,"10":35,"11":27,"12":0,"13":27,"14":27,"15":27,"16":0,"17":4},"f":{"0":40,"1":27,"2":0},"b":{"0":[28,12],"1":[4,8],"2":[0,27]},"_coverageSchema":"1a1c01bbd47fc00a2c39e90264f33305004495a9","hash":"159ca98a99f3649608addda3f0f94f048c52c898"}
,"/home/idhamwtf/Desktop/final-project-p3/server/models/cart.js": {"path":"/home/idhamwtf/Desktop/final-project-p3/server/models/cart.js","statementMap":{"0":{"start":{"line":4,"column":4},"end":{"line":4,"column":24}},"1":{"start":{"line":5,"column":0},"end":{"line":29,"column":2}},"2":{"start":{"line":17,"column":2},"end":{"line":27,"column":5}},"3":{"start":{"line":28,"column":2},"end":{"line":28,"column":14}}},"fnMap":{"0":{"name":"(anonymous_0)","decl":{"start":{"line":5,"column":17},"end":{"line":5,"column":18}},"loc":{"start":{"line":5,"column":43},"end":{"line":29,"column":1}},"line":5},"1":{"name":"(anonymous_1)","decl":{"start":{"line":12,"column":4},"end":{"line":12,"column":5}},"loc":{"start":{"line":12,"column":29},"end":{"line":15,"column":5}},"line":12}},"branchMap":{},"s":{"0":4,"1":4,"2":4,"3":4},"f":{"0":4,"1":4},"b":{},"_coverageSchema":"1a1c01bbd47fc00a2c39e90264f33305004495a9","hash":"b488a40e596cf591348f1f496ebe170c1442d885"}
,"/home/idhamwtf/Desktop/final-project-p3/server/models/index.js": {"path":"/home/idhamwtf/Desktop/final-project-p3/server/models/index.js","statementMap":{"0":{"start":{"line":3,"column":11},"end":{"line":3,"column":24}},"1":{"start":{"line":4,"column":13},"end":{"line":4,"column":28}},"2":{"start":{"line":5,"column":18},"end":{"line":5,"column":38}},"3":{"start":{"line":6,"column":17},"end":{"line":6,"column":42}},"4":{"start":{"line":7,"column":12},"end":{"line":7,"column":49}},"5":{"start":{"line":8,"column":15},"end":{"line":8,"column":65}},"6":{"start":{"line":9,"column":11},"end":{"line":9,"column":13}},"7":{"start":{"line":12,"column":0},"end":{"line":16,"column":1}},"8":{"start":{"line":13,"column":2},"end":{"line":13,"column":74}},"9":{"start":{"line":15,"column":2},"end":{"line":15,"column":87}},"10":{"start":{"line":18,"column":0},"end":{"line":26,"column":5}},"11":{"start":{"line":21,"column":4},"end":{"line":21,"column":90}},"12":{"start":{"line":24,"column":18},"end":{"line":24,"column":85}},"13":{"start":{"line":25,"column":4},"end":{"line":25,"column":27}},"14":{"start":{"line":28,"column":0},"end":{"line":32,"column":3}},"15":{"start":{"line":29,"column":2},"end":{"line":31,"column":3}},"16":{"start":{"line":30,"column":4},"end":{"line":30,"column":32}},"17":{"start":{"line":34,"column":0},"end":{"line":34,"column":25}},"18":{"start":{"line":35,"column":0},"end":{"line":35,"column":25}},"19":{"start":{"line":37,"column":0},"end":{"line":37,"column":20}}},"fnMap":{"0":{"name":"(anonymous_0)","decl":{"start":{"line":20,"column":10},"end":{"line":20,"column":11}},"loc":{"start":{"line":20,"column":18},"end":{"line":22,"column":3}},"line":20},"1":{"name":"(anonymous_1)","decl":{"start":{"line":23,"column":11},"end":{"line":23,"column":12}},"loc":{"start":{"line":23,"column":19},"end":{"line":26,"column":3}},"line":23},"2":{"name":"(anonymous_2)","decl":{"start":{"line":28,"column":24},"end":{"line":28,"column":25}},"loc":{"start":{"line":28,"column":37},"end":{"line":32,"column":1}},"line":28}},"branchMap":{"0":{"loc":{"start":{"line":7,"column":12},"end":{"line":7,"column":49}},"type":"binary-expr","locations":[{"start":{"line":7,"column":12},"end":{"line":7,"column":32}},{"start":{"line":7,"column":36},"end":{"line":7,"column":49}}],"line":7},"1":{"loc":{"start":{"line":12,"column":0},"end":{"line":16,"column":1}},"type":"if","locations":[{"start":{"line":12,"column":0},"end":{"line":16,"column":1}},{"start":{"line":12,"column":0},"end":{"line":16,"column":1}}],"line":12},"2":{"loc":{"start":{"line":21,"column":11},"end":{"line":21,"column":89}},"type":"binary-expr","locations":[{"start":{"line":21,"column":12},"end":{"line":21,"column":35}},{"start":{"line":21,"column":41},"end":{"line":21,"column":58}},{"start":{"line":21,"column":64},"end":{"line":21,"column":88}}],"line":21},"3":{"loc":{"start":{"line":29,"column":2},"end":{"line":31,"column":3}},"type":"if","locations":[{"start":{"line":29,"column":2},"end":{"line":31,"column":3}},{"start":{"line":29,"column":2},"end":{"line":31,"column":3}}],"line":29}},"s":{"0":4,"1":4,"2":4,"3":4,"4":4,"5":4,"6":4,"7":4,"8":0,"9":4,"10":4,"11":20,"12":16,"13":16,"14":4,"15":16,"16":16,"17":4,"18":4,"19":4},"f":{"0":20,"1":16,"2":16},"b":{"0":[4,0],"1":[0,4],"2":[20,20,16],"3":[16,0]},"_coverageSchema":"1a1c01bbd47fc00a2c39e90264f33305004495a9","hash":"d9a2fa0ceca78d7a2bbc7975c064710af985025a"}
,"/home/idhamwtf/Desktop/final-project-p3/server/models/product.js": {"path":"/home/idhamwtf/Desktop/final-project-p3/server/models/product.js","statementMap":{"0":{"start":{"line":4,"column":4},"end":{"line":4,"column":24}},"1":{"start":{"line":5,"column":0},"end":{"line":27,"column":2}},"2":{"start":{"line":16,"column":2},"end":{"line":25,"column":5}},"3":{"start":{"line":26,"column":2},"end":{"line":26,"column":17}}},"fnMap":{"0":{"name":"(anonymous_0)","decl":{"start":{"line":5,"column":17},"end":{"line":5,"column":18}},"loc":{"start":{"line":5,"column":43},"end":{"line":27,"column":1}},"line":5},"1":{"name":"(anonymous_1)","decl":{"start":{"line":12,"column":4},"end":{"line":12,"column":5}},"loc":{"start":{"line":12,"column":29},"end":{"line":14,"column":5}},"line":12}},"branchMap":{},"s":{"0":4,"1":4,"2":4,"3":4},"f":{"0":4,"1":4},"b":{},"_coverageSchema":"1a1c01bbd47fc00a2c39e90264f33305004495a9","hash":"893adbbce04057c6e20c1dc44a8d029f3614eea1"}
,"/home/idhamwtf/Desktop/final-project-p3/server/models/store.js": {"path":"/home/idhamwtf/Desktop/final-project-p3/server/models/store.js","statementMap":{"0":{"start":{"line":4,"column":4},"end":{"line":4,"column":24}},"1":{"start":{"line":5,"column":0},"end":{"line":24,"column":2}},"2":{"start":{"line":16,"column":2},"end":{"line":22,"column":5}},"3":{"start":{"line":23,"column":2},"end":{"line":23,"column":15}}},"fnMap":{"0":{"name":"(anonymous_0)","decl":{"start":{"line":5,"column":17},"end":{"line":5,"column":18}},"loc":{"start":{"line":5,"column":43},"end":{"line":24,"column":1}},"line":5},"1":{"name":"(anonymous_1)","decl":{"start":{"line":12,"column":4},"end":{"line":12,"column":5}},"loc":{"start":{"line":12,"column":29},"end":{"line":14,"column":5}},"line":12}},"branchMap":{},"s":{"0":4,"1":4,"2":4,"3":4},"f":{"0":4,"1":4},"b":{},"_coverageSchema":"1a1c01bbd47fc00a2c39e90264f33305004495a9","hash":"16665a64d61f9cbbd7c75546daaef7ece72ff6fb"}
,"/home/idhamwtf/Desktop/final-project-p3/server/models/user.js": {"path":"/home/idhamwtf/Desktop/final-project-p3/server/models/user.js","statementMap":{"0":{"start":{"line":4,"column":4},"end":{"line":4,"column":24}},"1":{"start":{"line":6,"column":25},"end":{"line":6,"column":53}},"2":{"start":{"line":7,"column":0},"end":{"line":36,"column":2}},"3":{"start":{"line":18,"column":2},"end":{"line":34,"column":5}},"4":{"start":{"line":27,"column":8},"end":{"line":29,"column":9}},"5":{"start":{"line":28,"column":10},"end":{"line":28,"column":53}},"6":{"start":{"line":35,"column":2},"end":{"line":35,"column":14}}},"fnMap":{"0":{"name":"(anonymous_0)","decl":{"start":{"line":7,"column":17},"end":{"line":7,"column":18}},"loc":{"start":{"line":7,"column":43},"end":{"line":36,"column":1}},"line":7},"1":{"name":"(anonymous_1)","decl":{"start":{"line":14,"column":4},"end":{"line":14,"column":5}},"loc":{"start":{"line":14,"column":29},"end":{"line":16,"column":5}},"line":14},"2":{"name":"(anonymous_2)","decl":{"start":{"line":26,"column":6},"end":{"line":26,"column":7}},"loc":{"start":{"line":26,"column":24},"end":{"line":30,"column":7}},"line":26}},"branchMap":{"0":{"loc":{"start":{"line":27,"column":8},"end":{"line":29,"column":9}},"type":"if","locations":[{"start":{"line":27,"column":8},"end":{"line":29,"column":9}},{"start":{"line":27,"column":8},"end":{"line":29,"column":9}}],"line":27}},"s":{"0":4,"1":4,"2":4,"3":4,"4":2,"5":1,"6":4},"f":{"0":4,"1":4,"2":2},"b":{"0":[1,1]},"_coverageSchema":"1a1c01bbd47fc00a2c39e90264f33305004495a9","hash":"67827476fc8e307b99decec7462694745d17e7de"}
,"/home/idhamwtf/Desktop/final-project-p3/server/routes/CartRoutes.js": {"path":"/home/idhamwtf/Desktop/final-project-p3/server/routes/CartRoutes.js","statementMap":{"0":{"start":{"line":1,"column":14},"end":{"line":1,"column":41}},"1":{"start":{"line":2,"column":27},"end":{"line":2,"column":52}},"2":{"start":{"line":4,"column":0},"end":{"line":4,"column":37}},"3":{"start":{"line":5,"column":0},"end":{"line":5,"column":39}},"4":{"start":{"line":6,"column":0},"end":{"line":6,"column":42}},"5":{"start":{"line":7,"column":0},"end":{"line":7,"column":46}},"6":{"start":{"line":8,"column":0},"end":{"line":8,"column":48}},"7":{"start":{"line":13,"column":0},"end":{"line":13,"column":22}}},"fnMap":{},"branchMap":{},"s":{"0":4,"1":4,"2":4,"3":4,"4":4,"5":4,"6":4,"7":4},"f":{},"b":{},"_coverageSchema":"1a1c01bbd47fc00a2c39e90264f33305004495a9","hash":"f946e5de786260aa748e8272a7de575a1f95958f"}
,"/home/idhamwtf/Desktop/final-project-p3/server/routes/ProductRoutes.js": {"path":"/home/idhamwtf/Desktop/final-project-p3/server/routes/ProductRoutes.js","statementMap":{"0":{"start":{"line":1,"column":14},"end":{"line":1,"column":41}},"1":{"start":{"line":2,"column":30},"end":{"line":2,"column":55}},"2":{"start":{"line":5,"column":0},"end":{"line":5,"column":51}},"3":{"start":{"line":6,"column":0},"end":{"line":6,"column":52}},"4":{"start":{"line":7,"column":0},"end":{"line":7,"column":57}},"5":{"start":{"line":8,"column":0},"end":{"line":8,"column":60}},"6":{"start":{"line":14,"column":0},"end":{"line":14,"column":22}}},"fnMap":{},"branchMap":{},"s":{"0":4,"1":4,"2":4,"3":4,"4":4,"5":4,"6":4},"f":{},"b":{},"_coverageSchema":"1a1c01bbd47fc00a2c39e90264f33305004495a9","hash":"61877a2e8ee6a28ecbfacf914699542729bad281"}
,"/home/idhamwtf/Desktop/final-project-p3/server/routes/StoreRoutes.js": {"path":"/home/idhamwtf/Desktop/final-project-p3/server/routes/StoreRoutes.js","statementMap":{"0":{"start":{"line":1,"column":14},"end":{"line":1,"column":41}},"1":{"start":{"line":2,"column":28},"end":{"line":2,"column":53}},"2":{"start":{"line":4,"column":27},"end":{"line":4,"column":67}},"3":{"start":{"line":6,"column":0},"end":{"line":6,"column":47}},"4":{"start":{"line":7,"column":0},"end":{"line":7,"column":64}},"5":{"start":{"line":8,"column":0},"end":{"line":8,"column":69}},"6":{"start":{"line":9,"column":0},"end":{"line":9,"column":72}},"7":{"start":{"line":13,"column":0},"end":{"line":13,"column":22}}},"fnMap":{},"branchMap":{},"s":{"0":4,"1":4,"2":4,"3":4,"4":4,"5":4,"6":4,"7":4},"f":{},"b":{},"_coverageSchema":"1a1c01bbd47fc00a2c39e90264f33305004495a9","hash":"e410825cd527b00d1c180156f32c5fd4535129e7"}
,"/home/idhamwtf/Desktop/final-project-p3/server/routes/UserRoutes.js": {"path":"/home/idhamwtf/Desktop/final-project-p3/server/routes/UserRoutes.js","statementMap":{"0":{"start":{"line":1,"column":14},"end":{"line":1,"column":41}},"1":{"start":{"line":2,"column":27},"end":{"line":2,"column":52}},"2":{"start":{"line":3,"column":27},"end":{"line":3,"column":67}},"3":{"start":{"line":6,"column":0},"end":{"line":6,"column":65}},"4":{"start":{"line":7,"column":0},"end":{"line":7,"column":54}},"5":{"start":{"line":9,"column":0},"end":{"line":9,"column":70}},"6":{"start":{"line":10,"column":0},"end":{"line":10,"column":77}},"7":{"start":{"line":11,"column":0},"end":{"line":11,"column":82}},"8":{"start":{"line":15,"column":0},"end":{"line":15,"column":22}}},"fnMap":{},"branchMap":{},"s":{"0":4,"1":4,"2":4,"3":4,"4":4,"5":4,"6":4,"7":4,"8":4},"f":{},"b":{},"_coverageSchema":"1a1c01bbd47fc00a2c39e90264f33305004495a9","hash":"321341ad1e193f7ef4bd0b7dc0b606e836f01b90"}
,"/home/idhamwtf/Desktop/final-project-p3/server/routes/index.js": {"path":"/home/idhamwtf/Desktop/final-project-p3/server/routes/index.js","statementMap":{"0":{"start":{"line":1,"column":14},"end":{"line":1,"column":41}},"1":{"start":{"line":3,"column":18},"end":{"line":3,"column":41}},"2":{"start":{"line":4,"column":18},"end":{"line":4,"column":41}},"3":{"start":{"line":5,"column":21},"end":{"line":5,"column":47}},"4":{"start":{"line":6,"column":19},"end":{"line":6,"column":43}},"5":{"start":{"line":8,"column":27},"end":{"line":8,"column":67}},"6":{"start":{"line":10,"column":0},"end":{"line":10,"column":29}},"7":{"start":{"line":11,"column":0},"end":{"line":11,"column":51}},"8":{"start":{"line":12,"column":0},"end":{"line":12,"column":31}},"9":{"start":{"line":13,"column":0},"end":{"line":13,"column":46}},"10":{"start":{"line":15,"column":0},"end":{"line":15,"column":22}}},"fnMap":{},"branchMap":{},"s":{"0":4,"1":4,"2":4,"3":4,"4":4,"5":4,"6":4,"7":4,"8":4,"9":4,"10":4},"f":{},"b":{},"_coverageSchema":"1a1c01bbd47fc00a2c39e90264f33305004495a9","hash":"632f314b998867354fac673c25bc65e44d56092a"}
}
