TN:
SF:app.js
FN:13,(anonymous_0)
FNF:1
FNH:0
FNDA:0,(anonymous_0)
DA:1,4
DA:2,4
DA:3,4
DA:5,4
DA:6,4
DA:7,4
DA:9,4
DA:10,4
DA:11,4
DA:13,4
DA:14,0
DA:17,4
DA:23,4
LF:13
LH:12
BRDA:5,0,0,4
BRDA:5,0,1,0
BRF:2
BRH:1
end_of_record
TN:
SF:controllers/CartControllers.js
FN:15,(anonymous_0)
FN:21,(anonymous_1)
FN:29,(anonymous_2)
FN:33,(anonymous_3)
FN:44,(anonymous_4)
FN:59,(anonymous_5)
FN:67,(anonymous_6)
FN:85,(anonymous_7)
FN:95,(anonymous_8)
FN:113,(anonymous_9)
FN:120,(anonymous_10)
FN:137,(anonymous_11)
FN:139,(anonymous_12)
FNF:13
FNH:13
FNDA:2,(anonymous_0)
FNDA:2,(anonymous_1)
FNDA:1,(anonymous_2)
FNDA:3,(anonymous_3)
FNDA:1,(anonymous_4)
FNDA:3,(anonymous_5)
FNDA:3,(anonymous_6)
FNDA:1,(anonymous_7)
FNDA:1,(anonymous_8)
FNDA:2,(anonymous_9)
FNDA:2,(anonymous_10)
FNDA:1,(anonymous_11)
FNDA:2,(anonymous_12)
DA:1,4
DA:7,4
DA:16,2
DA:22,2
DA:23,2
DA:30,1
DA:31,1
DA:33,1
DA:34,3
DA:35,3
DA:38,1
DA:40,1
DA:41,1
DA:45,1
DA:46,1
DA:54,0
DA:55,0
DA:60,3
DA:61,3
DA:68,3
DA:69,3
DA:70,2
DA:74,1
DA:86,1
DA:87,1
DA:96,1
DA:97,1
DA:98,0
DA:102,1
DA:114,2
DA:115,2
DA:116,2
DA:121,2
DA:122,2
DA:123,1
DA:127,1
DA:138,1
DA:139,1
DA:140,2
DA:141,2
DA:144,1
DA:152,4
LF:42
LH:39
BRDA:69,0,0,2
BRDA:69,0,1,1
BRDA:97,1,0,0
BRDA:97,1,1,1
BRDA:122,2,0,1
BRDA:122,2,1,1
BRF:6
BRH:5
end_of_record
TN:
SF:controllers/ProductControllers.js
FN:5,(anonymous_0)
FN:11,(anonymous_1)
FN:14,(anonymous_2)
FN:22,(anonymous_3)
FN:25,(anonymous_4)
FN:33,(anonymous_5)
FN:36,(anonymous_6)
FN:43,(anonymous_7)
FN:57,(anonymous_8)
FN:60,(anonymous_9)
FN:68,(anonymous_10)
FN:90,(anonymous_11)
FN:93,(anonymous_12)
FN:102,(anonymous_13)
FNF:14
FNH:9
FNDA:3,(anonymous_0)
FNDA:1,(anonymous_1)
FNDA:0,(anonymous_2)
FNDA:1,(anonymous_3)
FNDA:0,(anonymous_4)
FNDA:1,(anonymous_5)
FNDA:0,(anonymous_6)
FNDA:2,(anonymous_7)
FNDA:1,(anonymous_8)
FNDA:0,(anonymous_9)
FNDA:4,(anonymous_10)
FNDA:1,(anonymous_11)
FNDA:0,(anonymous_12)
FNDA:2,(anonymous_13)
DA:1,4
DA:6,3
DA:7,3
DA:8,1
DA:12,1
DA:15,0
DA:17,2
DA:18,1
DA:23,1
DA:26,0
DA:29,1
DA:34,1
DA:37,0
DA:44,2
DA:45,2
DA:46,2
DA:47,2
DA:55,2
DA:56,1
DA:58,1
DA:61,0
DA:64,1
DA:69,4
DA:70,4
DA:71,4
DA:73,4
DA:80,4
DA:82,4
DA:84,3
DA:85,1
DA:88,2
DA:89,1
DA:91,1
DA:94,0
DA:98,1
DA:103,2
DA:104,2
DA:105,2
DA:106,2
DA:107,1
DA:108,1
DA:110,1
DA:113,0
DA:120,4
LF:44
LH:38
BRDA:7,0,0,1
BRDA:7,0,1,2
BRDA:17,1,0,1
BRDA:17,1,1,1
BRDA:55,2,0,1
BRDA:55,2,1,1
BRDA:82,3,0,1
BRDA:82,3,1,3
BRDA:84,4,0,1
BRDA:84,4,1,2
BRDA:84,5,0,3
BRDA:84,5,1,3
BRDA:88,6,0,1
BRDA:88,6,1,1
BRDA:106,7,0,1
BRDA:106,7,1,1
BRF:16
BRH:16
end_of_record
TN:
SF:controllers/StoreControllers.js
FN:4,(anonymous_0)
FN:16,(anonymous_1)
FN:36,(anonymous_2)
FN:58,(anonymous_3)
FNF:4
FNH:4
FNDA:1,(anonymous_0)
FNDA:2,(anonymous_1)
FNDA:2,(anonymous_2)
FNDA:2,(anonymous_3)
DA:1,4
DA:5,1
DA:6,1
DA:9,1
DA:12,0
DA:17,2
DA:18,2
DA:19,2
DA:23,2
DA:24,2
DA:25,1
DA:26,1
DA:28,1
DA:32,0
DA:37,2
DA:38,2
DA:39,2
DA:40,2
DA:44,2
DA:45,2
DA:46,1
DA:47,1
DA:49,1
DA:53,0
DA:59,2
DA:60,2
DA:61,2
DA:62,2
DA:63,1
DA:64,1
DA:66,1
DA:69,0
DA:75,4
LF:33
LH:29
BRDA:24,0,0,1
BRDA:24,0,1,1
BRDA:45,1,0,1
BRDA:45,1,1,1
BRDA:62,2,0,1
BRDA:62,2,1,1
BRF:6
BRH:6
end_of_record
TN:
SF:controllers/UserControllers.js
FN:6,(anonymous_0)
FN:13,(anonymous_1)
FN:24,(anonymous_2)
FN:30,(anonymous_3)
FN:49,(anonymous_4)
FN:72,(anonymous_5)
FN:94,(anonymous_6)
FNF:7
FNH:6
FNDA:5,(anonymous_0)
FNDA:3,(anonymous_1)
FNDA:0,(anonymous_2)
FNDA:2,(anonymous_3)
FNDA:2,(anonymous_4)
FNDA:2,(anonymous_5)
FNDA:2,(anonymous_6)
DA:1,4
DA:2,4
DA:3,4
DA:7,5
DA:8,5
DA:9,2
DA:12,3
DA:14,3
DA:15,1
DA:17,2
DA:18,1
DA:20,1
DA:21,1
DA:25,0
DA:31,2
DA:32,2
DA:33,2
DA:34,2
DA:35,1
DA:36,1
DA:37,1
DA:39,1
DA:40,1
DA:43,0
DA:44,0
DA:50,2
DA:51,2
DA:52,2
DA:59,2
DA:60,2
DA:61,1
DA:62,1
DA:64,1
DA:68,0
DA:73,2
DA:74,2
DA:75,2
DA:76,2
DA:82,2
DA:83,2
DA:84,1
DA:85,1
DA:87,1
DA:90,0
DA:95,2
DA:96,2
DA:97,2
DA:98,2
DA:99,1
DA:100,1
DA:102,1
DA:105,0
DA:112,4
LF:53
LH:47
BRDA:8,0,0,2
BRDA:8,0,1,3
BRDA:8,1,0,5
BRDA:8,1,1,3
BRDA:14,2,0,1
BRDA:14,2,1,2
BRDA:17,3,0,1
BRDA:17,3,1,1
BRDA:34,4,0,1
BRDA:34,4,1,1
BRDA:60,5,0,1
BRDA:60,5,1,1
BRDA:83,6,0,1
BRDA:83,6,1,1
BRDA:98,7,0,1
BRDA:98,7,1,1
BRF:16
BRH:16
end_of_record
TN:
SF:controllers/index.js
FNF:0
FNH:0
DA:1,4
DA:2,4
DA:3,4
DA:4,4
DA:9,4
LF:5
LH:5
BRF:0
BRH:0
end_of_record
TN:
SF:helpers/bcrypt.js
FN:5,(anonymous_0)
FN:12,(anonymous_1)
FNF:2
FNH:2
FNDA:1,(anonymous_0)
FNDA:2,(anonymous_1)
DA:1,4
DA:5,4
DA:6,1
DA:7,1
DA:8,1
DA:12,4
DA:13,2
DA:17,4
LF:8
LH:8
BRF:0
BRH:0
end_of_record
TN:
SF:helpers/jwt.js
FN:4,(anonymous_0)
FN:9,(anonymous_1)
FNF:2
FNH:2
FNDA:14,(anonymous_0)
FNDA:34,(anonymous_1)
DA:1,4
DA:4,4
DA:5,14
DA:6,14
DA:9,4
DA:10,34
DA:11,33
DA:15,4
LF:8
LH:8
BRF:0
BRH:0
end_of_record
TN:
SF:middlewares/Authentication.js
FN:4,(anonymous_0)
FN:39,(anonymous_1)
FN:49,(anonymous_2)
FNF:3
FNH:2
FNDA:41,(anonymous_0)
FNDA:25,(anonymous_1)
FNDA:0,(anonymous_2)
DA:1,4
DA:2,4
DA:4,4
DA:7,41
DA:9,26
DA:11,26
DA:12,26
DA:14,1
DA:16,15
DA:18,8
DA:30,8
DA:31,8
DA:32,8
DA:34,7
DA:38,32
DA:40,25
DA:41,25
DA:42,0
DA:44,25
DA:45,25
DA:46,25
DA:50,0
DA:55,4
LF:23
LH:21
BRDA:7,0,0,26
BRDA:7,0,1,15
BRDA:16,1,0,8
BRDA:16,1,1,7
BRDA:41,2,0,0
BRDA:41,2,1,25
BRF:6
BRH:5
end_of_record
TN:
SF:models/cart.js
FN:5,(anonymous_0)
FN:12,(anonymous_1)
FNF:2
FNH:2
FNDA:4,(anonymous_0)
FNDA:4,(anonymous_1)
DA:4,4
DA:5,4
DA:17,4
DA:28,4
LF:4
LH:4
BRF:0
BRH:0
end_of_record
TN:
SF:models/index.js
FN:20,(anonymous_0)
FN:23,(anonymous_1)
FN:28,(anonymous_2)
FNF:3
FNH:3
FNDA:20,(anonymous_0)
FNDA:16,(anonymous_1)
FNDA:16,(anonymous_2)
DA:3,4
DA:4,4
DA:5,4
DA:6,4
DA:7,4
DA:8,4
DA:9,4
DA:12,4
DA:13,0
DA:15,4
DA:18,4
DA:21,20
DA:24,16
DA:25,16
DA:28,4
DA:29,16
DA:30,16
DA:34,4
DA:35,4
DA:37,4
LF:20
LH:19
BRDA:7,0,0,4
BRDA:7,0,1,0
BRDA:12,1,0,0
BRDA:12,1,1,4
BRDA:21,2,0,20
BRDA:21,2,1,20
BRDA:21,2,2,16
BRDA:29,3,0,16
BRDA:29,3,1,0
BRF:9
BRH:6
end_of_record
TN:
SF:models/product.js
FN:5,(anonymous_0)
FN:12,(anonymous_1)
FNF:2
FNH:2
FNDA:4,(anonymous_0)
FNDA:4,(anonymous_1)
DA:4,4
DA:5,4
DA:16,4
DA:26,4
LF:4
LH:4
BRF:0
BRH:0
end_of_record
TN:
SF:models/store.js
FN:5,(anonymous_0)
FN:12,(anonymous_1)
FNF:2
FNH:2
FNDA:4,(anonymous_0)
FNDA:4,(anonymous_1)
DA:4,4
DA:5,4
DA:16,4
DA:23,4
LF:4
LH:4
BRF:0
BRH:0
end_of_record
TN:
SF:models/user.js
FN:7,(anonymous_0)
FN:14,(anonymous_1)
FN:26,(anonymous_2)
FNF:3
FNH:3
FNDA:4,(anonymous_0)
FNDA:4,(anonymous_1)
FNDA:2,(anonymous_2)
DA:4,4
DA:6,4
DA:7,4
DA:18,4
DA:27,2
DA:28,1
DA:35,4
LF:7
LH:7
BRDA:27,0,0,1
BRDA:27,0,1,1
BRF:2
BRH:2
end_of_record
TN:
SF:routes/CartRoutes.js
FNF:0
FNH:0
DA:1,4
DA:2,4
DA:4,4
DA:5,4
DA:6,4
DA:7,4
DA:8,4
DA:9,4
DA:14,4
LF:9
LH:9
BRF:0
BRH:0
end_of_record
TN:
SF:routes/ProductRoutes.js
FNF:0
FNH:0
DA:1,4
DA:2,4
DA:5,4
DA:6,4
DA:7,4
DA:8,4
DA:14,4
LF:7
LH:7
BRF:0
BRH:0
end_of_record
TN:
SF:routes/StoreRoutes.js
FNF:0
FNH:0
DA:1,4
DA:2,4
DA:4,4
DA:6,4
DA:7,4
DA:8,4
DA:9,4
DA:13,4
LF:8
LH:8
BRF:0
BRH:0
end_of_record
TN:
SF:routes/UserRoutes.js
FNF:0
FNH:0
DA:1,4
DA:2,4
DA:3,4
DA:6,4
DA:7,4
DA:9,4
DA:10,4
DA:11,4
DA:15,4
LF:9
LH:9
BRF:0
BRH:0
end_of_record
TN:
SF:routes/index.js
FNF:0
FNH:0
DA:1,4
DA:3,4
DA:4,4
DA:5,4
DA:6,4
DA:8,4
DA:10,4
DA:11,4
DA:12,4
DA:13,4
DA:15,4
LF:11
LH:11
BRF:0
BRH:0
end_of_record
